\BOOKMARK [0][-]{chapter*.1}{\376\377\000A\000c\000k\000n\000o\000w\000l\000e\000d\000g\000m\000e\000n\000t\000s}{}% 1
\BOOKMARK [0][-]{chapter*.2}{\376\377\000A\000b\000s\000t\000r\000a\000c\000t}{}% 2
\BOOKMARK [0][-]{toc.0}{\376\377\000T\000a\000b\000l\000e\000\040\000o\000f\000\040\000C\000o\000n\000t\000e\000n\000t\000s}{}% 3
\BOOKMARK [0][-]{chapter.3}{\376\377\0001\000\040\000I\000n\000t\000r\000o\000d\000u\000c\000t\000i\000o\000n}{}% 4
\BOOKMARK [1][-]{section.4}{\376\377\0001\000.\0001\000\040\000M\000o\000t\000i\000v\000a\000t\000i\000o\000n}{chapter.3}% 5
\BOOKMARK [1][-]{section.7}{\376\377\0001\000.\0002\000\040\000C\000r\000o\000w\000d\000s\000o\000u\000r\000c\000i\000n\000g}{chapter.3}% 6
\BOOKMARK [1][-]{section.8}{\376\377\0001\000.\0003\000\040\000M\000i\000c\000r\000o\000w\000o\000r\000k\000e\000r\000s}{chapter.3}% 7
\BOOKMARK [2][-]{subsection.9}{\376\377\0001\000.\0003\000.\0001\000\040\000C\000a\000m\000p\000a\000i\000g\000n}{section.8}% 8
\BOOKMARK [2][-]{subsection.11}{\376\377\0001\000.\0003\000.\0002\000\040\000E\000m\000p\000l\000o\000y\000e\000r\000\040\000s\000y\000s\000t\000e\000m}{section.8}% 9
\BOOKMARK [1][-]{section.12}{\376\377\0001\000.\0004\000\040\000R\000e\000l\000a\000t\000e\000d\000\040\000W\000o\000r\000k}{chapter.3}% 10
\BOOKMARK [1][-]{section.16}{\376\377\0001\000.\0005\000\040\000C\000o\000n\000t\000r\000i\000b\000u\000t\000i\000o\000n\000s}{chapter.3}% 11
\BOOKMARK [0][-]{chapter.17}{\376\377\0002\000\040\000U\000s\000e\000r\000\040\000I\000n\000t\000e\000r\000f\000a\000c\000e}{}% 12
\BOOKMARK [1][-]{section.18}{\376\377\0002\000.\0001\000\040\000P\000r\000e\000l\000i\000m\000i\000n\000a\000r\000y\000\040\000U\000s\000e\000r\000\040\000I\000n\000t\000e\000r\000f\000a\000c\000e}{chapter.17}% 13
\BOOKMARK [1][-]{section.21}{\376\377\0002\000.\0002\000\040\000S\000e\000c\000o\000n\000d\000\040\000L\000a\000y\000o\000u\000t}{chapter.17}% 14
\BOOKMARK [0][-]{chapter.23}{\376\377\0003\000\040\000C\000o\000n\000c\000e\000p\000t}{}% 15
\BOOKMARK [1][-]{section.25}{\376\377\0003\000.\0001\000\040\000D\000a\000t\000a\000\040\000M\000o\000d\000e\000l}{chapter.23}% 16
\BOOKMARK [1][-]{section.27}{\376\377\0003\000.\0002\000\040\000R\000a\000t\000i\000n\000g\000\040\000S\000y\000s\000t\000e\000m}{chapter.23}% 17
\BOOKMARK [2][-]{subsection.28}{\376\377\0003\000.\0002\000.\0001\000\040\000E\000v\000e\000n\000t\000s}{section.27}% 18
\BOOKMARK [2][-]{subsection.32}{\376\377\0003\000.\0002\000.\0002\000\040\000P\000o\000s\000i\000t\000i\000o\000n}{section.27}% 19
\BOOKMARK [2][-]{subsection.34}{\376\377\0003\000.\0002\000.\0003\000\040\000U\000s\000e\000r\000r\000a\000t\000i\000n\000g}{section.27}% 20
\BOOKMARK [2][-]{subsection.36}{\376\377\0003\000.\0002\000.\0004\000\040\000R\000a\000t\000i\000n\000g\000\040\000o\000f\000\040\000t\000h\000e\000\040\000t\000a\000s\000k}{section.27}% 21
\BOOKMARK [2][-]{subsection.38}{\376\377\0003\000.\0002\000.\0005\000\040\000R\000a\000t\000i\000n\000g\000\040\000o\000f\000\040\000t\000h\000e\000\040\000e\000v\000e\000n\000t}{section.27}% 22
\BOOKMARK [1][-]{section.49}{\376\377\0003\000.\0003\000\040\000D\000a\000t\000a\000\040\000I\000n\000t\000e\000g\000r\000a\000t\000i\000o\000n}{chapter.23}% 23
\BOOKMARK [2][-]{subsection.50}{\376\377\0003\000.\0003\000.\0001\000\040\000D\000i\000s\000t\000a\000n\000c\000e\000\040\000c\000a\000l\000c\000u\000l\000a\000t\000i\000o\000n}{section.49}% 24
\BOOKMARK [2][-]{subsection.52}{\376\377\0003\000.\0003\000.\0002\000\040\000U\000n\000w\000e\000i\000g\000h\000t\000e\000d\000\040\000p\000a\000i\000r\000\040\000g\000r\000o\000u\000p\000\040\000m\000e\000t\000h\000o\000d\000\040\000w\000i\000t\000h\000\040\000a\000r\000i\000t\000h\000m\000e\000t\000i\000c\000\040\000m\000e\000a\000n}{section.49}% 25
\BOOKMARK [3][-]{subsubsection.85}{\376\377\0003\000.\0003\000.\0002\000.\0001\000\040\000D\000i\000s\000c\000u\000s\000s\000i\000o\000n}{subsection.52}% 26
\BOOKMARK [2][-]{subsection.86}{\376\377\0003\000.\0003\000.\0003\000\040\000D\000B\000S\000C\000A\000N}{section.49}% 27
\BOOKMARK [3][-]{subsubsection.119}{\376\377\0003\000.\0003\000.\0003\000.\0001\000\040\000D\000i\000s\000c\000u\000s\000s\000i\000o\000n}{subsection.86}% 28
\BOOKMARK [0][-]{chapter.120}{\376\377\0004\000\040\000I\000m\000p\000l\000e\000m\000e\000n\000t\000a\000t\000i\000o\000n}{}% 29
\BOOKMARK [0][-]{chapter.123}{\376\377\0005\000\040\000E\000v\000a\000l\000u\000a\000t\000i\000o\000n}{}% 30
\BOOKMARK [1][-]{section.124}{\376\377\0005\000.\0001\000\040\000F\000i\000r\000s\000t\000\040\000T\000e\000s\000t\000s}{chapter.123}% 31
\BOOKMARK [2][-]{subsection.125}{\376\377\0005\000.\0001\000.\0001\000\040\000S\000e\000t\000t\000i\000n\000g}{section.124}% 32
\BOOKMARK [2][-]{subsection.126}{\376\377\0005\000.\0001\000.\0002\000\040\000R\000e\000s\000u\000l\000t\000s}{section.124}% 33
\BOOKMARK [2][-]{subsection.128}{\376\377\0005\000.\0001\000.\0003\000\040\000C\000o\000n\000c\000l\000u\000s\000i\000o\000n}{section.124}% 34
\BOOKMARK [1][-]{section.129}{\376\377\0005\000.\0002\000\040\000P\000r\000e\000t\000e\000s\000t}{chapter.123}% 35
\BOOKMARK [2][-]{subsection.130}{\376\377\0005\000.\0002\000.\0001\000\040\000S\000e\000t\000t\000i\000n\000g}{section.129}% 36
\BOOKMARK [2][-]{subsection.131}{\376\377\0005\000.\0002\000.\0002\000\040\000R\000e\000s\000u\000l\000t\000s}{section.129}% 37
\BOOKMARK [2][-]{subsection.138}{\376\377\0005\000.\0002\000.\0003\000\040\000C\000o\000n\000c\000l\000u\000s\000i\000o\000n}{section.129}% 38
\BOOKMARK [1][-]{section.139}{\376\377\0005\000.\0003\000\040\000E\000v\000a\000l\000u\000a\000t\000i\000o\000n\000\040\000o\000f\000\040\000D\000a\000t\000a\000\040\000I\000n\000t\000e\000g\000r\000a\000t\000i\000o\000n\000\040\000a\000n\000d\000\040\000C\000l\000e\000a\000n\000i\000n\000g}{chapter.123}% 39
\BOOKMARK [2][-]{subsection.140}{\376\377\0005\000.\0003\000.\0001\000\040\000F\000i\000r\000s\000t\000\040\000t\000e\000s\000t}{section.139}% 40
\BOOKMARK [2][-]{subsection.148}{\376\377\0005\000.\0003\000.\0002\000\040\000S\000e\000c\000o\000n\000d\000\040\000t\000e\000s\000t}{section.139}% 41
\BOOKMARK [2][-]{subsection.158}{\376\377\0005\000.\0003\000.\0003\000\040\000T\000h\000i\000r\000d\000\040\000t\000e\000s\000t}{section.139}% 42
\BOOKMARK [1][-]{section.164}{\376\377\0005\000.\0004\000\040\000D\000e\000m\000o\000g\000r\000a\000p\000h\000i\000c\000s}{chapter.123}% 43
\BOOKMARK [2][-]{subsection.166}{\376\377\0005\000.\0004\000.\0001\000\040\000G\000e\000o\000g\000r\000a\000p\000h\000i\000c\000\040\000d\000i\000s\000t\000r\000i\000b\000u\000t\000i\000o\000n}{section.164}% 44
\BOOKMARK [2][-]{subsection.170}{\376\377\0005\000.\0004\000.\0002\000\040\000T\000i\000m\000e}{section.164}% 45
\BOOKMARK [1][-]{section.172}{\376\377\0005\000.\0005\000\040\000C\000o\000n\000c\000l\000u\000s\000i\000o\000n}{chapter.123}% 46
\BOOKMARK [0][-]{chapter.173}{\376\377\0006\000\040\000D\000i\000s\000c\000u\000s\000s\000i\000o\000n}{}% 47
\BOOKMARK [1][-]{section.174}{\376\377\0006\000.\0001\000\040\000M\000i\000c\000r\000o\000w\000o\000r\000k\000e\000r\000s}{chapter.173}% 48
\BOOKMARK [1][-]{section.175}{\376\377\0006\000.\0002\000\040\000V\000i\000d\000e\000o}{chapter.173}% 49
\BOOKMARK [1][-]{section.176}{\376\377\0006\000.\0003\000\040\000S\000y\000s\000t\000e\000m}{chapter.173}% 50
\BOOKMARK [1][-]{section.177}{\376\377\0006\000.\0004\000\040\000F\000i\000n\000a\000n\000c\000i\000a\000l\000\040\000A\000p\000p\000r\000o\000a\000c\000h}{chapter.173}% 51
\BOOKMARK [0][-]{chapter.178}{\376\377\0007\000\040\000C\000o\000n\000c\000l\000u\000s\000i\000o\000n\000\040\000a\000n\000d\000\040\000F\000u\000t\000u\000r\000e\000\040\000W\000o\000r\000k}{}% 52
\BOOKMARK [1][-]{section.179}{\376\377\0007\000.\0001\000\040\000C\000o\000n\000c\000l\000u\000s\000i\000o\000n}{chapter.178}% 53
\BOOKMARK [1][-]{section.180}{\376\377\0007\000.\0002\000\040\000F\000u\000t\000u\000r\000e\000\040\000W\000o\000r\000k}{chapter.178}% 54
\BOOKMARK [2][-]{subsection.181}{\376\377\0007\000.\0002\000.\0001\000\040\000A\000d\000m\000i\000n\000i\000s\000t\000r\000a\000t\000o\000r\000\040\000s\000y\000s\000t\000e\000m}{section.180}% 55
\BOOKMARK [1][-]{section.182}{\376\377\0007\000.\0003\000\040\000F\000u\000r\000t\000h\000e\000r\000\040\000S\000p\000o\000r\000t\000s}{chapter.178}% 56
\BOOKMARK [0][-]{section*.184}{\376\377\000B\000i\000b\000l\000i\000o\000g\000r\000a\000p\000h\000y}{}% 57
\BOOKMARK [0][-]{appendix.185}{\376\377\000A\000\040\000T\000u\000t\000o\000r\000i\000a\000l\000\040\000D\000o\000c\000u\000m\000e\000n\000t}{}% 58
